{"numFailedTestSuites":1,"numFailedTests":1,"numPassedTestSuites":1,"numPassedTests":1,"numPendingTestSuites":0,"numPendingTests":0,"numRuntimeErrorTestSuites":0,"numTodoTests":0,"numTotalTestSuites":2,"numTotalTests":2,"openHandles":[],"snapshot":{"added":0,"didUpdate":false,"failure":false,"filesAdded":0,"filesRemoved":0,"filesRemovedList":[],"filesUnmatched":0,"filesUpdated":0,"matched":0,"total":0,"unchecked":0,"uncheckedKeysByFile":[],"unmatched":0,"updated":0},"startTime":1577866331801,"success":false,"testResults":[{"assertionResults":[{"ancestorTitles":["HelloWorld.vue"],"failureMessages":[],"fullName":"HelloWorld.vue renders props.msg when passed","location":null,"status":"passed","title":"renders props.msg when passed"}],"endTime":1577866335063,"message":"","name":"C:\\Users\\Administrator\\Documents\\GitHub\\my-storybook\\tests\\unit\\example.spec.ts","startTime":1577866333443,"status":"passed","summary":""},{"assertionResults":[{"ancestorTitles":["Button"],"failureMessages":["Error: \u001b[2mexpect(\u001b[22m\u001b[31mreceived\u001b[39m\u001b[2m).\u001b[22mtoBe\u001b[2m(\u001b[22m\u001b[32mexpected\u001b[39m\u001b[2m) // Object.is equality\u001b[22m\n\nExpected: \u001b[32mtrue\u001b[39m\nReceived: \u001b[31mundefined\u001b[39m\n    at Object.it (C:\\Users\\Administrator\\Documents\\GitHub\\my-storybook\\tests\\unit\\button.spec.ts:13:41)\n    at Object.asyncJestTest (c:\\Users\\Administrator\\Documents\\GitHub\\my-storybook\\node_modules\\jest-jasmine2\\build\\jasmineAsyncInstall.js:102:37)\n    at resolve (c:\\Users\\Administrator\\Documents\\GitHub\\my-storybook\\node_modules\\jest-jasmine2\\build\\queueRunner.js:43:12)\n    at new Promise (<anonymous>)\n    at mapper (c:\\Users\\Administrator\\Documents\\GitHub\\my-storybook\\node_modules\\jest-jasmine2\\build\\queueRunner.js:26:19)\n    at promise.then (c:\\Users\\Administrator\\Documents\\GitHub\\my-storybook\\node_modules\\jest-jasmine2\\build\\queueRunner.js:73:41)\n    at process._tickCallback (internal/process/next_tick.js:68:7)"],"fullName":"Button create","location":null,"status":"failed","title":"create"}],"endTime":1577866335094,"message":"\u001b[1m\u001b[31m  \u001b[1m● \u001b[1mButton › create\u001b[39m\u001b[22m\n\n    \u001b[2mexpect(\u001b[22m\u001b[31mreceived\u001b[39m\u001b[2m).\u001b[22mtoBe\u001b[2m(\u001b[22m\u001b[32mexpected\u001b[39m\u001b[2m) // Object.is equality\u001b[22m\n\n    Expected: \u001b[32mtrue\u001b[39m\n    Received: \u001b[31mundefined\u001b[39m\n\u001b[2m\u001b[22m\n\u001b[2m    \u001b[0m \u001b[90m 11 | \u001b[39m    })\u001b[0m\u001b[22m\n\u001b[2m    \u001b[0m \u001b[90m 12 | \u001b[39m    expect(wrapper\u001b[33m.\u001b[39mfind(\u001b[32m'.btn'\u001b[39m)\u001b[33m.\u001b[39mtext())\u001b[33m.\u001b[39mtoEqual(\u001b[32m'testlabel'\u001b[39m)\u001b[0m\u001b[22m\n\u001b[2m    \u001b[0m\u001b[31m\u001b[1m>\u001b[2m\u001b[39m\u001b[90m 13 | \u001b[39m    expect((wrapper\u001b[33m.\u001b[39mvm as any)\u001b[33m.\u001b[39mvisible)\u001b[33m.\u001b[39mtoBe(\u001b[36mtrue\u001b[39m)\u001b[0m\u001b[22m\n\u001b[2m    \u001b[0m \u001b[90m    | \u001b[39m                                        \u001b[31m\u001b[1m^\u001b[2m\u001b[39m\u001b[0m\u001b[22m\n\u001b[2m    \u001b[0m \u001b[90m 14 | \u001b[39m  })\u001b[0m\u001b[22m\n\u001b[2m    \u001b[0m \u001b[90m 15 | \u001b[39m})\u001b[0m\u001b[22m\n\u001b[2m    \u001b[0m \u001b[90m 16 | \u001b[39m\u001b[0m\u001b[22m\n\u001b[2m\u001b[22m\n\u001b[2m      \u001b[2mat Object.it (\u001b[2m\u001b[0m\u001b[36mtests/unit/button.spec.ts\u001b[39m\u001b[0m\u001b[2m:13:41)\u001b[2m\u001b[22m\n","name":"C:\\Users\\Administrator\\Documents\\GitHub\\my-storybook\\tests\\unit\\button.spec.ts","startTime":1577866333442,"status":"failed","summary":""}],"wasInterrupted":false}